1708401116.6251595
Configuration File Parsed.
1708401116.625252
Starting network emulator on  8000.

1708401120.7105339
Dropped 1 packet for 2 due to full buffer.

1708401120.7107494
Dropped 1 packet for 2 due to full buffer.

1708401120.7108479
Dropped 1 packet for 2 due to full buffer.

1708401120.711116
Dropped 1 packet for 2 due to full buffer.

1708401120.7112632
Dropped 1 packet for 2 due to full buffer.

1708401120.7113538
Dropped 1 packet for 2 due to full buffer.

1708401120.7113838
Dropped 1 packet for 2 due to full buffer.

1708401120.7114542
Dropped 1 packet for 2 due to full buffer.

1708401120.7115378
Dropped 1 packet for 2 due to full buffer.

1708401120.7115936
Dropped 1 packet for 2 due to full buffer.

1708401120.7116575
Dropped 1 packet for 2 due to full buffer.

1708401120.7117019
Dropped 1 packet for 2 due to full buffer.

1708401120.711735
Dropped 1 packet for 2 due to full buffer.

1708401120.711768
Dropped 1 packet for 2 due to full buffer.

1708401120.7118013
Dropped 1 packet for 2 due to full buffer.

1708401120.711835
Dropped 1 packet for 2 due to full buffer.

1708401120.7118678
Dropped 1 packet for 2 due to full buffer.

1708401120.7119002
Dropped 1 packet for 2 due to full buffer.

1708401120.7119324
Dropped 1 packet for 2 due to full buffer.

1708401120.711968
Dropped 1 packet for 2 due to full buffer.

1708401120.7120032
Dropped 1 packet for 2 due to full buffer.

1708401120.7120361
Dropped 1 packet for 2 due to full buffer.

1708401120.712069
Dropped 1 packet for 2 due to full buffer.

1708401120.7121015
Dropped 1 packet for 2 due to full buffer.

1708401120.712134
Dropped 1 packet for 2 due to full buffer.

1708401120.712165
Dropped 1 packet for 2 due to full buffer.

1708401120.7121966
Dropped 1 packet for 2 due to full buffer.

1708401120.712247
Dropped 1 packet for 2 due to full buffer.

1708401120.712282
Dropped 1 packet for 2 due to full buffer.

1708401120.7123144
Dropped 1 packet for 2 due to full buffer.

1708401120.7123463
Dropped 1 packet for 2 due to full buffer.

1708401120.712387
Dropped 1 packet for 2 due to full buffer.

1708401120.7124188
Dropped 1 packet for 2 due to full buffer.

1708401120.7124536
Dropped 1 packet for 2 due to full buffer.

1708401120.712486
Dropped 1 packet for 2 due to full buffer.

1708401120.7125218
Dropped 1 packet for 2 due to full buffer.

1708401120.7125537
Dropped 1 packet for 2 due to full buffer.

1708401120.7125862
Dropped 1 packet for 2 due to full buffer.

1708401120.7126174
Dropped 1 packet for 2 due to full buffer.

1708401120.712649
Dropped 1 packet for 2 due to full buffer.

1708401120.7126815
Dropped 1 packet for 2 due to full buffer.

1708401120.7127135
Dropped 1 packet for 2 due to full buffer.

1708401120.7127628
Dropped 1 packet for 2 due to full buffer.

1708401120.712796
Dropped 1 packet for 2 due to full buffer.

1708401120.7128272
Dropped 1 packet for 2 due to full buffer.

1708401120.7128587
Dropped 1 packet for 2 due to full buffer.

1708401120.8110447
Dropped 1 packet for 2 due to full buffer.

1708401120.811173
Dropped 1 packet for 2 due to full buffer.

1708401120.8112102
Dropped 1 packet for 2 due to full buffer.

1708401120.8112442
Dropped 1 packet for 2 due to full buffer.

1708401120.811279
Dropped 1 packet for 2 due to full buffer.

1708401120.8113132
Dropped 1 packet for 2 due to full buffer.

1708401120.8113492
Dropped 1 packet for 2 due to full buffer.

1708401120.811383
Dropped 1 packet for 2 due to full buffer.

1708401120.8114245
Dropped 1 packet for 2 due to full buffer.

1708401120.8114588
Dropped 1 packet for 2 due to full buffer.

1708401120.811493
Dropped 1 packet for 2 due to full buffer.

1708401120.811525
Dropped 1 packet for 2 due to full buffer.

1708401120.8115582
Dropped 1 packet for 2 due to full buffer.

1708401120.8115895
Dropped 1 packet for 2 due to full buffer.

1708401120.811625
Dropped 1 packet for 2 due to full buffer.

1708401120.8116572
Dropped 1 packet for 2 due to full buffer.

1708401120.8116975
Dropped 1 packet for 2 due to full buffer.

1708401120.8117318
Dropped 1 packet for 2 due to full buffer.

1708401120.8117788
Dropped 1 packet for 2 due to full buffer.

1708401120.8118114
Dropped 1 packet for 2 due to full buffer.

1708401120.8118434
Dropped 1 packet for 2 due to full buffer.

1708401120.9496503
Dropped 1 packet for 2 due to full buffer.

1708401120.9503152
Dropped 1 packet for 2 due to full buffer.

1708401120.9503596
Dropped 1 packet for 2 due to full buffer.

1708401120.9503937
Dropped 1 packet for 2 due to full buffer.

1708401120.9504266
Dropped 1 packet for 2 due to full buffer.

1708401120.9757652
Dropped 1 packet for 2 due to full buffer.

1708401120.976824
Dropped 1 packet for 2 due to full buffer.

1708401120.9768755
Dropped 1 packet for 2 due to full buffer.

1708401120.9915667
Dropped 1 packet for 2 due to full buffer.

1708401120.9916515
Dropped 1 packet for 2 due to full buffer.

1708401120.9916897
Dropped 1 packet for 2 due to full buffer.

1708401120.9917243
Dropped 1 packet for 2 due to full buffer.

1708401120.9917574
Dropped 1 packet for 2 due to full buffer.

1708401120.99179
Dropped 1 packet for 2 due to full buffer.

1708401120.9918232
Dropped 1 packet for 2 due to full buffer.

1708401120.9918551
Dropped 1 packet for 2 due to full buffer.

1708401120.991887
Dropped 1 packet for 2 due to full buffer.

1708401120.9919183
Dropped 1 packet for 2 due to full buffer.

1708401120.99195
Dropped 1 packet for 2 due to full buffer.

1708401120.991981
Dropped 1 packet for 2 due to full buffer.

1708401120.9920135
Dropped 1 packet for 2 due to full buffer.

1708401120.9920466
Dropped 1 packet for 2 due to full buffer.

1708401120.9920793
Dropped 1 packet for 2 due to full buffer.

1708401120.9921117
Dropped 1 packet for 2 due to full buffer.

1708401120.9921439
Dropped 1 packet for 2 due to full buffer.

1708401120.992176
Dropped 1 packet for 2 due to full buffer.

1708401120.9922078
Dropped 1 packet for 2 due to full buffer.

1708401120.9923892
Dropped 1 packet for 2 due to full buffer.

1708401120.9924355
Dropped 1 packet for 2 due to full buffer.

1708401121.0174665
Dropped 1 packet for 2 due to full buffer.

1708401121.0177245
Dropped 1 packet for 2 due to full buffer.

1708401121.0177724
Dropped 1 packet for 2 due to full buffer.

1708401121.0178063
Dropped 1 packet for 2 due to full buffer.

1708401121.0178394
Dropped 1 packet for 2 due to full buffer.

1708401121.0498064
Dropped 1 packet for 2 due to full buffer.

1708401121.049883
Dropped 1 packet for 2 due to full buffer.

1708401121.0499177
Dropped 1 packet for 2 due to full buffer.

1708401121.049951
Dropped 1 packet for 2 due to full buffer.

1708401121.0499837
Dropped 1 packet for 2 due to full buffer.

1708401121.0500162
Dropped 1 packet for 2 due to full buffer.

1708401121.0500488
Dropped 1 packet for 2 due to full buffer.

1708401121.050081
Dropped 1 packet for 2 due to full buffer.

1708401121.0501125
Dropped 1 packet for 2 due to full buffer.

1708401121.050164
Dropped 1 packet for 2 due to full buffer.

1708401121.0501974
Dropped 1 packet for 2 due to full buffer.

1708401121.050229
Dropped 1 packet for 2 due to full buffer.

1708401121.0502603
Dropped 1 packet for 2 due to full buffer.

1708401121.0502915
Dropped 1 packet for 2 due to full buffer.

1708401121.050324
Dropped 1 packet for 2 due to full buffer.

1708401121.0503564
Dropped 1 packet for 2 due to full buffer.

1708401121.050389
Dropped 1 packet for 2 due to full buffer.

1708401121.0504212
Dropped 1 packet for 2 due to full buffer.

1708401121.0504537
Dropped 1 packet for 2 due to full buffer.

1708401121.0504851
Dropped 1 packet for 2 due to full buffer.

1708401121.0505164
Dropped 1 packet for 2 due to full buffer.

1708401121.0505486
Dropped 1 packet for 2 due to full buffer.

1708401121.05058
Dropped 1 packet for 2 due to full buffer.

1708401121.0506115
Dropped 1 packet for 2 due to full buffer.

1708401121.0506432
Dropped 1 packet for 2 due to full buffer.

1708401121.0506759
Dropped 1 packet for 2 due to full buffer.

1708401121.050708
Dropped 1 packet for 2 due to full buffer.

1708401121.0507398
Dropped 1 packet for 2 due to full buffer.

1708401121.0507727
Dropped 1 packet for 2 due to full buffer.

1708401121.0508199
Dropped 1 packet for 2 due to full buffer.

1708401121.0508518
Dropped 1 packet for 2 due to full buffer.

1708401121.050884
Dropped 1 packet for 2 due to full buffer.

1708401121.0509155
Dropped 1 packet for 2 due to full buffer.

1708401121.0509474
Dropped 1 packet for 2 due to full buffer.

1708401121.0509794
Dropped 1 packet for 2 due to full buffer.

1708401121.0510116
Dropped 1 packet for 2 due to full buffer.

1708401121.051048
Dropped 1 packet for 2 due to full buffer.

1708401121.0510805
Dropped 1 packet for 2 due to full buffer.

1708401121.051112
Dropped 1 packet for 2 due to full buffer.

1708401121.051144
Dropped 1 packet for 2 due to full buffer.

1708401121.0511746
Dropped 1 packet for 2 due to full buffer.

1708401121.0512068
Dropped 1 packet for 2 due to full buffer.

1708401121.0512383
Dropped 1 packet for 2 due to full buffer.

1708401121.0512702
Dropped 1 packet for 2 due to full buffer.

1708401121.051303
Dropped 1 packet for 2 due to full buffer.

1708401121.0513356
Dropped 1 packet for 2 due to full buffer.

1708401121.0513678
Dropped 1 packet for 2 due to full buffer.

1708401121.0513995
Dropped 1 packet for 2 due to full buffer.

1708401121.051431
Dropped 1 packet for 2 due to full buffer.

1708401121.0514624
Dropped 1 packet for 2 due to full buffer.

1708401121.0514941
Dropped 1 packet for 2 due to full buffer.

1708401121.0515256
Dropped 1 packet for 2 due to full buffer.

1708401121.0515575
Dropped 1 packet for 2 due to full buffer.

1708401121.0515895
Dropped 1 packet for 2 due to full buffer.

1708401121.0516207
Dropped 1 packet for 2 due to full buffer.

1708401121.0516524
Dropped 1 packet for 2 due to full buffer.

1708401121.051684
Dropped 1 packet for 2 due to full buffer.

1708401121.0517159
Dropped 1 packet for 2 due to full buffer.

1708401121.0517478
Dropped 1 packet for 2 due to full buffer.

1708401121.0517797
Dropped 1 packet for 2 due to full buffer.

1708401121.0518136
Dropped 1 packet for 2 due to full buffer.

1708401121.0518954
Dropped 1 packet for 2 due to full buffer.

1708401121.0519319
Dropped 1 packet for 2 due to full buffer.

1708401121.0519714
Dropped 1 packet for 2 due to full buffer.

1708401121.0520031
Dropped 1 packet for 2 due to full buffer.

1708401121.0520349
Dropped 1 packet for 2 due to full buffer.

1708401121.0520666
Dropped 1 packet for 2 due to full buffer.

1708401121.052098
Dropped 1 packet for 2 due to full buffer.

1708401121.0521297
Dropped 1 packet for 2 due to full buffer.

1708401121.052162
Dropped 1 packet for 2 due to full buffer.

1708401121.0521946
Dropped 1 packet for 2 due to full buffer.

1708401121.0522265
Dropped 1 packet for 2 due to full buffer.

1708401121.0522585
Dropped 1 packet for 2 due to full buffer.

1708401121.052291
Dropped 1 packet for 2 due to full buffer.

1708401121.0523224
Dropped 1 packet for 2 due to full buffer.

1708401121.4273984
Dropped 1 packet for 2 due to full buffer.

1708401121.427539
Dropped 1 packet for 2 due to full buffer.

1708401121.427576
Dropped 1 packet for 2 due to full buffer.

1708401121.4276102
Dropped 1 packet for 2 due to full buffer.

1708401121.4276447
Dropped 1 packet for 2 due to full buffer.

1708401121.4276772
Dropped 1 packet for 2 due to full buffer.

1708401121.4393976
Dropped 1 packet for 2 due to full buffer.

1708401121.4494345
Dropped 1 packet for 2 due to full buffer.

1708401121.4495282
Dropped 1 packet for 2 due to full buffer.

1708401121.4495764
Dropped 1 packet for 2 due to full buffer.

1708401121.4598992
Dropped 1 packet for 2 due to full buffer.

1708401121.4599829
Dropped 1 packet for 2 due to full buffer.

1708401121.4704278
Dropped 1 packet for 2 due to full buffer.

1708401121.4705284
Dropped 1 packet for 2 due to full buffer.

1708401121.4705808
Dropped 1 packet for 2 due to full buffer.

1708401121.470616
Dropped 1 packet for 2 due to full buffer.

1708401121.470649
Dropped 1 packet for 2 due to full buffer.

1708401121.4706824
Dropped 1 packet for 2 due to full buffer.

1708401121.470716
Dropped 1 packet for 2 due to full buffer.

1708401121.470761
Dropped 1 packet for 2 due to full buffer.

1708401121.4707935
Dropped 1 packet for 2 due to full buffer.

1708401121.4708264
Dropped 1 packet for 2 due to full buffer.

1708401121.4708586
Dropped 1 packet for 2 due to full buffer.

1708401121.4708908
Dropped 1 packet for 2 due to full buffer.

1708401121.4709227
Dropped 1 packet for 2 due to full buffer.

1708401121.4709537
Dropped 1 packet for 2 due to full buffer.

1708401121.470986
Dropped 1 packet for 2 due to full buffer.

1708401121.471018
Dropped 1 packet for 2 due to full buffer.

1708401121.4710515
Dropped 1 packet for 2 due to full buffer.

1708401121.480821
Dropped 1 packet for 2 due to full buffer.

1708401121.4809968
Dropped 1 packet for 2 due to full buffer.

1708401121.486041
Dropped 1 packet for 2 due to full buffer.

1708401121.48631
Dropped 1 packet for 2 due to full buffer.

1708401121.4863474
Dropped 1 packet for 2 due to full buffer.

1708401121.4863806
Dropped 1 packet for 2 due to full buffer.

1708401121.4864137
Dropped 1 packet for 2 due to full buffer.

1708401121.4864469
Dropped 1 packet for 2 due to full buffer.

1708401121.4864793
Dropped 1 packet for 2 due to full buffer.

1708401121.4865115
Dropped 1 packet for 2 due to full buffer.

1708401121.4865434
Dropped 1 packet for 2 due to full buffer.

1708401121.4865751
Dropped 1 packet for 2 due to full buffer.

1708401121.4866066
Dropped 1 packet for 2 due to full buffer.

1708401121.4866393
Dropped 1 packet for 2 due to full buffer.

1708401121.4866703
Dropped 1 packet for 2 due to full buffer.

1708401121.486701
Dropped 1 packet for 2 due to full buffer.

1708401121.4867318
Dropped 1 packet for 2 due to full buffer.

1708401121.4867628
Dropped 1 packet for 2 due to full buffer.

1708401121.4867933
Dropped 1 packet for 2 due to full buffer.

1708401121.4868245
Dropped 1 packet for 2 due to full buffer.

1708401121.4868557
Dropped 1 packet for 2 due to full buffer.

1708401121.491239
Dropped 1 packet for 2 due to full buffer.

1708401121.4964435
Dropped 1 packet for 2 due to full buffer.

1708401121.5016308
Dropped 1 packet for 2 due to full buffer.

1708401121.501747
Dropped 1 packet for 2 due to full buffer.

1708401121.5067933
Dropped 1 packet for 2 due to full buffer.

1708401121.5068915
Dropped 1 packet for 2 due to full buffer.

1708401121.5275116
Dropped 1 packet for 2 due to full buffer.

1708401121.5394857
Dropped 1 packet for 2 due to full buffer.

1708401121.543301
Dropped 1 packet for 2 due to full buffer.

1708401121.5433886
Dropped 1 packet for 2 due to full buffer.

1708401121.5811002
Dropped 1 packet for 2 due to full buffer.

1708401121.5860813
Dropped 1 packet for 2 due to full buffer.

1708401121.586721
Dropped 1 packet for 2 due to full buffer.

1708401121.586759
Dropped 1 packet for 2 due to full buffer.

1708401121.586793
Dropped 1 packet for 2 due to full buffer.

1708401121.5868268
Dropped 1 packet for 2 due to full buffer.

1708401121.5868602
Dropped 1 packet for 2 due to full buffer.

1708401121.586894
Dropped 1 packet for 2 due to full buffer.

1708401121.5869267
Dropped 1 packet for 2 due to full buffer.

1708401121.5869584
Dropped 1 packet for 2 due to full buffer.

1708401121.5869906
Dropped 1 packet for 2 due to full buffer.

1708401121.587023
Dropped 1 packet for 2 due to full buffer.

1708401121.5870547
Dropped 1 packet for 2 due to full buffer.

1708401121.5870874
Dropped 1 packet for 2 due to full buffer.

1708401121.5871184
Dropped 1 packet for 2 due to full buffer.

1708401121.5871496
Dropped 1 packet for 2 due to full buffer.

1708401121.5871809
Dropped 1 packet for 2 due to full buffer.

1708401121.587212
Dropped 1 packet for 2 due to full buffer.

1708401121.5872438
Dropped 1 packet for 2 due to full buffer.

1708401121.5872757
Dropped 1 packet for 2 due to full buffer.

1708401121.5873077
Dropped 1 packet for 2 due to full buffer.

1708401121.5873392
Dropped 1 packet for 2 due to full buffer.

1708401121.5873706
Dropped 1 packet for 2 due to full buffer.

1708401121.5874033
Dropped 1 packet for 2 due to full buffer.

1708401121.5874424
Dropped 1 packet for 2 due to full buffer.

1708401121.5874746
Dropped 1 packet for 2 due to full buffer.

1708401121.587503
Dropped 1 packet for 2 due to full buffer.

1708401121.5875335
Dropped 1 packet for 2 due to full buffer.

1708401121.5875704
Dropped 1 packet for 2 due to full buffer.

1708401121.5875995
Dropped 1 packet for 2 due to full buffer.

1708401121.5876272
Dropped 1 packet for 2 due to full buffer.

1708401121.5876577
Dropped 1 packet for 2 due to full buffer.

1708401121.5876892
Dropped 1 packet for 2 due to full buffer.

1708401121.625394
Current Average Incoming Traffic: 144676.05525160048 bytes/sec

1708401121.649585
Dropped 1 packet for 2 due to full buffer.

1708401121.649737
Dropped 1 packet for 2 due to full buffer.

1708401121.6498601
Dropped 1 packet for 2 due to full buffer.

1708401121.6499906
Dropped 1 packet for 2 due to full buffer.

1708401121.6500902
Dropped 1 packet for 2 due to full buffer.

1708401121.650268
Dropped 1 packet for 2 due to full buffer.

1708401121.6523907
Dropped 1 packet for 2 due to full buffer.

1708401121.6524603
Dropped 1 packet for 2 due to full buffer.

1708401121.6525996
Dropped 1 packet for 2 due to full buffer.

1708401121.6526291
Dropped 1 packet for 2 due to full buffer.

1708401121.6526568
Dropped 1 packet for 2 due to full buffer.

1708401121.6526837
Dropped 1 packet for 2 due to full buffer.

1708401121.6527107
Dropped 1 packet for 2 due to full buffer.

1708401121.6527388
Dropped 1 packet for 2 due to full buffer.

1708401121.6527693
Dropped 1 packet for 2 due to full buffer.

1708401121.6527958
Dropped 1 packet for 2 due to full buffer.

1708401121.652823
Dropped 1 packet for 2 due to full buffer.

1708401121.6528502
Dropped 1 packet for 2 due to full buffer.

1708401121.6528876
Dropped 1 packet for 2 due to full buffer.

1708401121.653088
Dropped 1 packet for 2 due to full buffer.

1708401121.6532104
Dropped 1 packet for 2 due to full buffer.

1708401121.6533482
Dropped 1 packet for 2 due to full buffer.

1708401121.6534967
Dropped 1 packet for 2 due to full buffer.

1708401121.6536498
Dropped 1 packet for 2 due to full buffer.

1708401121.6537952
Dropped 1 packet for 2 due to full buffer.

1708401121.6539276
Dropped 1 packet for 2 due to full buffer.

1708401121.654099
Dropped 1 packet for 2 due to full buffer.

1708401121.654178
Dropped 1 packet for 2 due to full buffer.

1708401121.654208
Dropped 1 packet for 2 due to full buffer.

1708401121.6542392
Dropped 1 packet for 2 due to full buffer.

1708401121.6542752
Dropped 1 packet for 2 due to full buffer.

1708401121.6543105
Dropped 1 packet for 2 due to full buffer.

1708401121.6543412
Dropped 1 packet for 2 due to full buffer.

1708401121.654373
Dropped 1 packet for 2 due to full buffer.

1708401121.6544056
Dropped 1 packet for 2 due to full buffer.

1708401121.6544354
Dropped 1 packet for 2 due to full buffer.

1708401121.654467
Dropped 1 packet for 2 due to full buffer.

1708401121.654497
Dropped 1 packet for 2 due to full buffer.

1708401121.6545277
Dropped 1 packet for 2 due to full buffer.

1708401121.6545556
Dropped 1 packet for 2 due to full buffer.

1708401121.6545858
Dropped 1 packet for 2 due to full buffer.

1708401121.6546197
Dropped 1 packet for 2 due to full buffer.

1708401121.654691
Dropped 1 packet for 2 due to full buffer.

1708401121.654726
Dropped 1 packet for 2 due to full buffer.

1708401121.6547596
Dropped 1 packet for 2 due to full buffer.

1708401121.6547923
Dropped 1 packet for 2 due to full buffer.

1708401121.6548238
Dropped 1 packet for 2 due to full buffer.

1708401121.6548553
Dropped 1 packet for 2 due to full buffer.

1708401121.6548858
Dropped 1 packet for 2 due to full buffer.

1708401121.6549168
Dropped 1 packet for 2 due to full buffer.

1708401121.654948
Dropped 1 packet for 2 due to full buffer.

1708401121.6549795
Dropped 1 packet for 2 due to full buffer.

1708401121.655012
Dropped 1 packet for 2 due to full buffer.

1708401121.6550465
Dropped 1 packet for 2 due to full buffer.

1708401121.655078
Dropped 1 packet for 2 due to full buffer.

1708401121.6551206
Dropped 1 packet for 2 due to full buffer.

1708401121.6551526
Dropped 1 packet for 2 due to full buffer.

1708401121.655184
Dropped 1 packet for 2 due to full buffer.

1708401121.6552155
Dropped 1 packet for 2 due to full buffer.

1708401121.6552472
Dropped 1 packet for 2 due to full buffer.

1708401121.6552787
Dropped 1 packet for 2 due to full buffer.

1708401121.6553104
Dropped 1 packet for 2 due to full buffer.

1708401121.6553426
Dropped 1 packet for 2 due to full buffer.

1708401121.655374
Dropped 1 packet for 2 due to full buffer.

1708401121.6554053
Dropped 1 packet for 2 due to full buffer.

1708401121.6554372
Dropped 1 packet for 2 due to full buffer.

1708401121.6782603
Dropped 1 packet for 2 due to full buffer.

1708401121.686193
Dropped 1 packet for 2 due to full buffer.

1708401121.6862924
Dropped 1 packet for 2 due to full buffer.

1708401121.6863365
Dropped 1 packet for 2 due to full buffer.

1708401121.6864002
Dropped 1 packet for 2 due to full buffer.

1708401121.6864347
Dropped 1 packet for 2 due to full buffer.

1708401121.686468
Dropped 1 packet for 2 due to full buffer.

1708401121.6865017
Dropped 1 packet for 2 due to full buffer.

1708401121.686535
Dropped 1 packet for 2 due to full buffer.

1708401121.6865673
Dropped 1 packet for 2 due to full buffer.

1708401121.6865985
Dropped 1 packet for 2 due to full buffer.

1708401121.6866305
Dropped 1 packet for 2 due to full buffer.

1708401121.6866615
Dropped 1 packet for 2 due to full buffer.

1708401121.6866932
Dropped 1 packet for 2 due to full buffer.

1708401121.6867254
Dropped 1 packet for 2 due to full buffer.

1708401121.686757
Dropped 1 packet for 2 due to full buffer.

1708401121.6867886
Dropped 1 packet for 2 due to full buffer.

1708401121.6868196
Dropped 1 packet for 2 due to full buffer.

1708401121.686851
Dropped 1 packet for 2 due to full buffer.

1708401121.6868827
Dropped 1 packet for 2 due to full buffer.

1708401121.6869152
Dropped 1 packet for 2 due to full buffer.

1708401121.6869466
Dropped 1 packet for 2 due to full buffer.

1708401121.6869779
Dropped 1 packet for 2 due to full buffer.

1708401121.6870096
Dropped 1 packet for 2 due to full buffer.

1708401121.687041
Dropped 1 packet for 2 due to full buffer.

1708401121.6870723
Dropped 1 packet for 2 due to full buffer.

1708401121.6871045
Dropped 1 packet for 2 due to full buffer.

1708401121.6871357
Dropped 1 packet for 2 due to full buffer.

1708401121.6871717
Dropped 1 packet for 2 due to full buffer.

1708401121.6872106
Dropped 1 packet for 2 due to full buffer.

1708401121.6872416
Dropped 1 packet for 2 due to full buffer.

1708401121.6872728
Dropped 1 packet for 2 due to full buffer.

1708401121.6873767
Dropped 1 packet for 2 due to full buffer.

1708401121.6874146
Dropped 1 packet for 2 due to full buffer.

1708401121.6874545
Dropped 1 packet for 2 due to full buffer.

1708401121.6874862
Dropped 1 packet for 2 due to full buffer.

1708401121.687518
Dropped 1 packet for 2 due to full buffer.

1708401121.68755
Dropped 1 packet for 2 due to full buffer.

1708401121.6875813
Dropped 1 packet for 2 due to full buffer.

1708401121.6876125
Dropped 1 packet for 2 due to full buffer.

1708401121.687644
Dropped 1 packet for 2 due to full buffer.

1708401121.6876755
Dropped 1 packet for 2 due to full buffer.

1708401121.6877067
Dropped 1 packet for 2 due to full buffer.

1708401121.6877382
Dropped 1 packet for 2 due to full buffer.

1708401121.6877694
Dropped 1 packet for 2 due to full buffer.

1708401121.6878018
Dropped 1 packet for 2 due to full buffer.

1708401121.6878343
Dropped 1 packet for 2 due to full buffer.

1708401121.6878662
Dropped 1 packet for 2 due to full buffer.

1708401121.687898
Dropped 1 packet for 2 due to full buffer.

1708401121.6879292
Dropped 1 packet for 2 due to full buffer.

1708401121.6879606
Dropped 1 packet for 2 due to full buffer.

1708401121.6879923
Dropped 1 packet for 2 due to full buffer.

1708401121.6880274
Dropped 1 packet for 2 due to full buffer.

1708401121.6880589
Dropped 1 packet for 2 due to full buffer.

1708401121.6881027
Dropped 1 packet for 2 due to full buffer.

1708401121.6881344
Dropped 1 packet for 2 due to full buffer.

1708401121.6881661
Dropped 1 packet for 2 due to full buffer.

1708401121.688197
Dropped 1 packet for 2 due to full buffer.

1708401121.6882281
Dropped 1 packet for 2 due to full buffer.

1708401121.6882598
Dropped 1 packet for 2 due to full buffer.

1708401121.6882918
Dropped 1 packet for 2 due to full buffer.

1708401121.688323
Dropped 1 packet for 2 due to full buffer.

1708401121.6883743
Dropped 1 packet for 2 due to full buffer.

1708401121.6884065
Dropped 1 packet for 2 due to full buffer.

1708401121.6884382
Dropped 1 packet for 2 due to full buffer.

1708401121.6884696
Dropped 1 packet for 2 due to full buffer.

1708401121.6885028
Dropped 1 packet for 2 due to full buffer.

1708401121.6885352
Dropped 1 packet for 2 due to full buffer.

1708401121.6885667
Dropped 1 packet for 2 due to full buffer.

1708401121.6885989
Dropped 1 packet for 2 due to full buffer.

1708401121.6886284
Dropped 1 packet for 2 due to full buffer.

1708401121.688659
Dropped 1 packet for 2 due to full buffer.

1708401121.6886897
Dropped 1 packet for 2 due to full buffer.

1708401121.688724
Dropped 1 packet for 2 due to full buffer.

1708401121.6887832
Dropped 1 packet for 2 due to full buffer.

1708401121.6888149
Dropped 1 packet for 2 due to full buffer.

1708401121.6888435
Dropped 1 packet for 2 due to full buffer.

1708401121.6888752
Dropped 1 packet for 2 due to full buffer.

1708401121.6889148
Dropped 1 packet for 2 due to full buffer.

1708401121.688955
Dropped 1 packet for 2 due to full buffer.

1708401121.6889865
Dropped 1 packet for 2 due to full buffer.

1708401121.6890144
Dropped 1 packet for 2 due to full buffer.

1708401121.6890423
Dropped 1 packet for 2 due to full buffer.

1708401121.6890702
Dropped 1 packet for 2 due to full buffer.

1708401121.6890976
Dropped 1 packet for 2 due to full buffer.

1708401121.6891253
Dropped 1 packet for 2 due to full buffer.

1708401121.689153
Dropped 1 packet for 2 due to full buffer.

1708401121.6891804
Dropped 1 packet for 2 due to full buffer.

1708401121.6892076
Dropped 1 packet for 2 due to full buffer.

1708401121.6892357
Dropped 1 packet for 2 due to full buffer.

1708401121.6892636
Dropped 1 packet for 2 due to full buffer.

1708401121.689292
Dropped 1 packet for 2 due to full buffer.

1708401121.7211385
Dropped 1 packet for 2 due to full buffer.

1708401121.7212198
Dropped 1 packet for 2 due to full buffer.

1708401121.7212667
Dropped 1 packet for 2 due to full buffer.

1708401121.7253911
Dropped 1 packet for 2 due to full buffer.

1708401121.7254527
Dropped 1 packet for 2 due to full buffer.

1708401121.7254815
Dropped 1 packet for 2 due to full buffer.

1708401121.725565
Dropped 1 packet for 2 due to full buffer.

1708401121.7276516
Dropped 1 packet for 2 due to full buffer.

1708401121.7277102
Dropped 1 packet for 2 due to full buffer.

1708401121.7277703
Dropped 1 packet for 2 due to full buffer.

1708401121.727801
Dropped 1 packet for 2 due to full buffer.

1708401121.7278328
Dropped 1 packet for 2 due to full buffer.

1708401121.7278633
Dropped 1 packet for 2 due to full buffer.

1708401121.7278945
Dropped 1 packet for 2 due to full buffer.

1708401121.7279239
Dropped 1 packet for 2 due to full buffer.

1708401121.7279515
Dropped 1 packet for 2 due to full buffer.

1708401121.7279792
Dropped 1 packet for 2 due to full buffer.

1708401121.7280073
Dropped 1 packet for 2 due to full buffer.

1708401121.7280357
Dropped 1 packet for 2 due to full buffer.

1708401121.7280636
Dropped 1 packet for 2 due to full buffer.

1708401121.7280908
Dropped 1 packet for 2 due to full buffer.

1708401121.7281184
Dropped 1 packet for 2 due to full buffer.

1708401121.7281458
Dropped 1 packet for 2 due to full buffer.

1708401121.7281938
Dropped 1 packet for 2 due to full buffer.

1708401121.7282233
Dropped 1 packet for 2 due to full buffer.

1708401121.7282536
Dropped 1 packet for 2 due to full buffer.

1708401121.7282975
Dropped 1 packet for 2 due to full buffer.

1708401121.7283437
Dropped 1 packet for 2 due to full buffer.

1708401121.7283764
Dropped 1 packet for 2 due to full buffer.

1708401121.728408
Dropped 1 packet for 2 due to full buffer.

1708401121.7284405
Dropped 1 packet for 2 due to full buffer.

1708401121.728472
Dropped 1 packet for 2 due to full buffer.

1708401121.7285037
Dropped 1 packet for 2 due to full buffer.

1708401121.728535
Dropped 1 packet for 2 due to full buffer.

1708401121.728564
Dropped 1 packet for 2 due to full buffer.

1708401121.728593
Dropped 1 packet for 2 due to full buffer.

1708401121.7286215
Dropped 1 packet for 2 due to full buffer.

1708401121.7286494
Dropped 1 packet for 2 due to full buffer.

1708401121.7286773
Dropped 1 packet for 2 due to full buffer.

1708401121.728705
Dropped 1 packet for 2 due to full buffer.

1708401121.7287333
Dropped 1 packet for 2 due to full buffer.

1708401121.7287624
Dropped 1 packet for 2 due to full buffer.

1708401121.7287939
Dropped 1 packet for 2 due to full buffer.

1708401121.728823
Dropped 1 packet for 2 due to full buffer.

1708401121.7288518
Dropped 1 packet for 2 due to full buffer.

1708401121.7288792
Dropped 1 packet for 2 due to full buffer.

1708401121.7289188
Dropped 1 packet for 2 due to full buffer.

1708401121.7289546
Dropped 1 packet for 2 due to full buffer.

1708401121.7348487
Dropped 1 packet for 2 due to full buffer.

1708401121.734939
Dropped 1 packet for 2 due to full buffer.

1708401121.7396765
Dropped 1 packet for 2 due to full buffer.

1708401121.7496965
Dropped 1 packet for 2 due to full buffer.

1708401121.7498062
Dropped 1 packet for 2 due to full buffer.

1708401121.7498367
Dropped 1 packet for 2 due to full buffer.

1708401121.749868
Dropped 1 packet for 2 due to full buffer.

1708401121.7499032
Dropped 1 packet for 2 due to full buffer.

1708401121.7499526
Dropped 1 packet for 2 due to full buffer.

1708401121.7499857
Dropped 1 packet for 2 due to full buffer.

1708401121.7500188
Dropped 1 packet for 2 due to full buffer.

1708401121.7500515
Dropped 1 packet for 2 due to full buffer.

1708401121.7500849
Dropped 1 packet for 2 due to full buffer.

1708401121.7501307
Dropped 1 packet for 2 due to full buffer.

1708401121.7501638
Dropped 1 packet for 2 due to full buffer.

1708401121.7501957
Dropped 1 packet for 2 due to full buffer.

1708401121.7502394
Dropped 1 packet for 2 due to full buffer.

1708401121.7502718
Dropped 1 packet for 2 due to full buffer.

1708401121.7503035
Dropped 1 packet for 2 due to full buffer.

1708401121.7503347
Dropped 1 packet for 2 due to full buffer.

1708401121.7503786
Dropped 1 packet for 2 due to full buffer.

1708401121.750411
Dropped 1 packet for 2 due to full buffer.

1708401121.750443
Dropped 1 packet for 2 due to full buffer.

1708401121.7504747
Dropped 1 packet for 2 due to full buffer.

1708401121.7505064
Dropped 1 packet for 2 due to full buffer.

1708401121.7505379
Dropped 1 packet for 2 due to full buffer.

1708401121.7505689
Dropped 1 packet for 2 due to full buffer.

1708401121.750613
Dropped 1 packet for 2 due to full buffer.

1708401121.750646
Dropped 1 packet for 2 due to full buffer.

1708401121.7506778
Dropped 1 packet for 2 due to full buffer.

1708401121.7524412
Dropped 1 packet for 2 due to full buffer.

1708401121.7524943
Dropped 1 packet for 2 due to full buffer.

1708401121.752537
Dropped 1 packet for 2 due to full buffer.

1708401121.7526202
Dropped 1 packet for 2 due to full buffer.

1708401121.7529411
Dropped 1 packet for 2 due to full buffer.

1708401121.7529876
Dropped 1 packet for 2 due to full buffer.

1708401121.7530355
Dropped 1 packet for 2 due to full buffer.

1708401121.7530687
Dropped 1 packet for 2 due to full buffer.

1708401121.7531507
Dropped 1 packet for 2 due to full buffer.

1708401121.753195
Dropped 1 packet for 2 due to full buffer.

1708401121.7532823
Dropped 1 packet for 2 due to full buffer.

1708401121.753319
Dropped 1 packet for 2 due to full buffer.

1708401121.7533517
Dropped 1 packet for 2 due to full buffer.

1708401121.7533956
Dropped 1 packet for 2 due to full buffer.

1708401121.7534316
Dropped 1 packet for 2 due to full buffer.

1708401121.7535045
Dropped 1 packet for 2 due to full buffer.

1708401121.7535343
Dropped 1 packet for 2 due to full buffer.

1708401121.7535775
Dropped 1 packet for 2 due to full buffer.

1708401121.75361
Dropped 1 packet for 2 due to full buffer.

1708401121.7536423
Dropped 1 packet for 2 due to full buffer.

1708401121.7536745
Dropped 1 packet for 2 due to full buffer.

1708401121.7537057
Dropped 1 packet for 2 due to full buffer.

1708401121.7537372
Dropped 1 packet for 2 due to full buffer.

1708401121.7537684
Dropped 1 packet for 2 due to full buffer.

1708401121.7537994
Dropped 1 packet for 2 due to full buffer.

1708401121.7538316
Dropped 1 packet for 2 due to full buffer.

1708401121.7538745
Dropped 1 packet for 2 due to full buffer.

1708401121.7539067
Dropped 1 packet for 2 due to full buffer.

1708401121.7539387
Dropped 1 packet for 2 due to full buffer.

1708401121.753971
Dropped 1 packet for 2 due to full buffer.

1708401121.7540026
Dropped 1 packet for 2 due to full buffer.

1708401121.7540343
Dropped 1 packet for 2 due to full buffer.

1708401121.7540689
Dropped 1 packet for 2 due to full buffer.

1708401121.7541006
Dropped 1 packet for 2 due to full buffer.

1708401121.7541323
Dropped 1 packet for 2 due to full buffer.

1708401121.7541633
Dropped 1 packet for 2 due to full buffer.

1708401121.7541945
Dropped 1 packet for 2 due to full buffer.

1708401121.7542253
Dropped 1 packet for 2 due to full buffer.

1708401121.7542987
Dropped 1 packet for 2 due to full buffer.

1708401121.754335
Dropped 1 packet for 2 due to full buffer.

1708401121.7543736
Dropped 1 packet for 2 due to full buffer.

1708401121.7544053
Dropped 1 packet for 2 due to full buffer.

1708401121.754437
Dropped 1 packet for 2 due to full buffer.

1708401121.7544687
Dropped 1 packet for 2 due to full buffer.

1708401121.7544997
Dropped 1 packet for 2 due to full buffer.

1708401121.7545314
Dropped 1 packet for 2 due to full buffer.

1708401121.7545633
Dropped 1 packet for 2 due to full buffer.

1708401121.754595
Dropped 1 packet for 2 due to full buffer.

1708401121.754626
Dropped 1 packet for 2 due to full buffer.

1708401121.7546575
Dropped 1 packet for 2 due to full buffer.

1708401122.9810352
Dropped 1 packet for 2 due to full buffer.

1708401122.9811099
Dropped 1 packet for 2 due to full buffer.

1708401122.9811492
Dropped 1 packet for 2 due to full buffer.

1708401122.9812226
Dropped 1 packet for 2 due to full buffer.

1708401122.9813132
Dropped 1 packet for 2 due to full buffer.

1708401122.9814577
Dropped 1 packet for 2 due to full buffer.

1708401122.9816234
Dropped 1 packet for 2 due to full buffer.

1708401122.9817314
Dropped 1 packet for 2 due to full buffer.

1708401122.9818568
Dropped 1 packet for 2 due to full buffer.

1708401122.9819534
Dropped 1 packet for 2 due to full buffer.

1708401122.9821165
Dropped 1 packet for 2 due to full buffer.

1708401122.9822109
Dropped 1 packet for 2 due to full buffer.

1708401122.9823446
Dropped 1 packet for 2 due to full buffer.

1708401122.9824433
Dropped 1 packet for 2 due to full buffer.

1708401122.9825556
Dropped 1 packet for 2 due to full buffer.

1708401122.9829836
Dropped 1 packet for 2 due to full buffer.

1708401122.9830415
Dropped 1 packet for 2 due to full buffer.

1708401122.9830906
Dropped 1 packet for 2 due to full buffer.

1708401122.9952288
Dropped 1 packet for 2 due to full buffer.

1708401122.9953628
Dropped 1 packet for 2 due to full buffer.

1708401122.9954004
Dropped 1 packet for 2 due to full buffer.

1708401122.995435
Dropped 1 packet for 2 due to full buffer.

1708401122.9954684
Dropped 1 packet for 2 due to full buffer.

1708401122.9955008
Dropped 1 packet for 2 due to full buffer.

1708401122.9955325
Dropped 1 packet for 2 due to full buffer.

1708401122.995565
Dropped 1 packet for 2 due to full buffer.

1708401122.995596
Dropped 1 packet for 2 due to full buffer.

1708401122.9956279
Dropped 1 packet for 2 due to full buffer.

1708401122.9956608
Dropped 1 packet for 2 due to full buffer.

1708401122.9956925
Dropped 1 packet for 2 due to full buffer.

1708401122.9957378
Dropped 1 packet for 2 due to full buffer.

1708401122.9957666
Dropped 1 packet for 2 due to full buffer.

1708401122.9957974
Dropped 1 packet for 2 due to full buffer.

1708401122.9958315
Dropped 1 packet for 2 due to full buffer.

1708401122.995864
Dropped 1 packet for 2 due to full buffer.

1708401122.9959006
Dropped 1 packet for 2 due to full buffer.

1708401122.995932
Dropped 1 packet for 2 due to full buffer.

1708401122.9959652
Dropped 1 packet for 2 due to full buffer.

1708401122.9999318
Dropped 1 packet for 2 due to full buffer.

1708401123.0000806
Dropped 1 packet for 2 due to full buffer.

1708401123.0105703
Dropped 1 packet for 2 due to full buffer.

1708401123.010696
Dropped 1 packet for 2 due to full buffer.

1708401123.0107274
Dropped 1 packet for 2 due to full buffer.

1708401123.0814176
Dropped 1 packet for 2 due to full buffer.

1708401123.0815368
Dropped 1 packet for 2 due to full buffer.

1708401123.081568
Dropped 1 packet for 2 due to full buffer.

1708401123.0815964
Dropped 1 packet for 2 due to full buffer.

1708401123.0816278
Dropped 1 packet for 2 due to full buffer.

1708401123.0816584
Dropped 1 packet for 2 due to full buffer.

1708401123.08169
Dropped 1 packet for 2 due to full buffer.

1708401123.08172
Dropped 1 packet for 2 due to full buffer.

1708401123.0817735
Dropped 1 packet for 2 due to full buffer.

1708401123.0818052
Dropped 1 packet for 2 due to full buffer.

1708401123.0818326
Dropped 1 packet for 2 due to full buffer.

1708401123.0818636
Dropped 1 packet for 2 due to full buffer.

1708401123.081894
Dropped 1 packet for 2 due to full buffer.

1708401123.0819218
Dropped 1 packet for 2 due to full buffer.

1708401123.0819497
Dropped 1 packet for 2 due to full buffer.

1708401123.0819774
Dropped 1 packet for 2 due to full buffer.

1708401123.0820048
Dropped 1 packet for 2 due to full buffer.

1708401123.0820353
Dropped 1 packet for 2 due to full buffer.

1708401123.082064
Dropped 1 packet for 2 due to full buffer.

1708401123.0821488
Dropped 1 packet for 2 due to full buffer.

1708401123.0821805
Dropped 1 packet for 2 due to full buffer.

1708401123.0822089
Dropped 1 packet for 2 due to full buffer.

1708401123.0822368
Dropped 1 packet for 2 due to full buffer.

1708401123.0822644
Dropped 1 packet for 2 due to full buffer.

1708401123.082292
Dropped 1 packet for 2 due to full buffer.

1708401123.0823739
Dropped 1 packet for 2 due to full buffer.

1708401123.082415
Dropped 1 packet for 2 due to full buffer.

1708401123.0824919
Dropped 1 packet for 2 due to full buffer.

1708401123.082522
Dropped 1 packet for 2 due to full buffer.

1708401123.082552
Dropped 1 packet for 2 due to full buffer.

1708401123.0825877
Dropped 1 packet for 2 due to full buffer.

1708401123.0826175
Dropped 1 packet for 2 due to full buffer.

1708401123.0826454
Dropped 1 packet for 2 due to full buffer.

1708401123.0826764
Dropped 1 packet for 2 due to full buffer.

1708401123.08271
Dropped 1 packet for 2 due to full buffer.

1708401123.0827434
Dropped 1 packet for 2 due to full buffer.

1708401123.0827763
Dropped 1 packet for 2 due to full buffer.

1708401123.082809
Dropped 1 packet for 2 due to full buffer.

1708401123.0828733
Dropped 1 packet for 2 due to full buffer.

1708401123.0829077
Dropped 1 packet for 2 due to full buffer.

1708401123.082943
Dropped 1 packet for 2 due to full buffer.

1708401123.0829744
Dropped 1 packet for 2 due to full buffer.

1708401123.0830054
Dropped 1 packet for 2 due to full buffer.

1708401123.0830371
Dropped 1 packet for 2 due to full buffer.

1708401123.083068
Dropped 1 packet for 2 due to full buffer.

1708401123.0830994
Dropped 1 packet for 2 due to full buffer.

1708401123.0831308
Dropped 1 packet for 2 due to full buffer.

1708401123.083162
Dropped 1 packet for 2 due to full buffer.

1708401123.083193
Dropped 1 packet for 2 due to full buffer.

1708401123.0832243
Dropped 1 packet for 2 due to full buffer.

1708401123.0832558
Dropped 1 packet for 2 due to full buffer.

1708401123.0832877
Dropped 1 packet for 2 due to full buffer.

1708401123.083333
Dropped 1 packet for 2 due to full buffer.

1708401123.0833652
Dropped 1 packet for 2 due to full buffer.

1708401123.083397
Dropped 1 packet for 2 due to full buffer.

1708401123.0834286
Dropped 1 packet for 2 due to full buffer.

1708401123.0834599
Dropped 1 packet for 2 due to full buffer.

1708401123.083491
Dropped 1 packet for 2 due to full buffer.

1708401123.083523
Dropped 1 packet for 2 due to full buffer.

1708401123.0835543
Dropped 1 packet for 2 due to full buffer.

1708401123.0835862
Dropped 1 packet for 2 due to full buffer.

1708401123.0836174
Dropped 1 packet for 2 due to full buffer.

1708401123.0836496
Dropped 1 packet for 2 due to full buffer.

1708401123.0836813
Dropped 1 packet for 2 due to full buffer.

1708401123.0837128
Dropped 1 packet for 2 due to full buffer.

1708401123.0837438
Dropped 1 packet for 2 due to full buffer.

1708401123.0837753
Dropped 1 packet for 2 due to full buffer.

1708401123.0838065
Dropped 1 packet for 2 due to full buffer.

1708401123.083838
Dropped 1 packet for 2 due to full buffer.

1708401123.0838711
Dropped 1 packet for 2 due to full buffer.

1708401123.0839021
Dropped 1 packet for 2 due to full buffer.

1708401123.0839336
Dropped 1 packet for 2 due to full buffer.

1708401123.0839648
Dropped 1 packet for 2 due to full buffer.

1708401123.0839987
Dropped 1 packet for 2 due to full buffer.

1708401123.0840302
Dropped 1 packet for 2 due to full buffer.

1708401123.0840616
Dropped 1 packet for 2 due to full buffer.

1708401123.0840929
Dropped 1 packet for 2 due to full buffer.

1708401123.0841236
Dropped 1 packet for 2 due to full buffer.

1708401123.0841553
Dropped 1 packet for 2 due to full buffer.

1708401123.0841863
Dropped 1 packet for 2 due to full buffer.

1708401123.0842175
Dropped 1 packet for 2 due to full buffer.

1708401123.0842485
Dropped 1 packet for 2 due to full buffer.

1708401123.0842798
Dropped 1 packet for 2 due to full buffer.

1708401123.0843115
Dropped 1 packet for 2 due to full buffer.

1708401123.0843625
Dropped 1 packet for 2 due to full buffer.

1708401123.0843945
Dropped 1 packet for 2 due to full buffer.

1708401123.0844245
Dropped 1 packet for 2 due to full buffer.

1708401123.0844555
Dropped 1 packet for 2 due to full buffer.

1708401123.0844867
Dropped 1 packet for 2 due to full buffer.

1708401123.0845175
Dropped 1 packet for 2 due to full buffer.

1708401123.0845492
Dropped 1 packet for 2 due to full buffer.

1708401123.0845802
Dropped 1 packet for 2 due to full buffer.

1708401123.084612
Dropped 1 packet for 2 due to full buffer.

1708401123.0846431
Dropped 1 packet for 2 due to full buffer.

1708401123.0847614
Dropped 1 packet for 2 due to full buffer.

1708401123.0848181
Dropped 1 packet for 2 due to full buffer.

1708401123.0848563
Dropped 1 packet for 2 due to full buffer.

1708401123.084888
Dropped 1 packet for 2 due to full buffer.

1708401123.0849304
Dropped 1 packet for 2 due to full buffer.

1708401123.084969
Dropped 1 packet for 2 due to full buffer.

1708401123.085
Dropped 1 packet for 2 due to full buffer.

1708401123.0850315
Dropped 1 packet for 2 due to full buffer.

1708401123.085063
Dropped 1 packet for 2 due to full buffer.

1708401123.0850947
Dropped 1 packet for 2 due to full buffer.

1708401123.0851257
Dropped 1 packet for 2 due to full buffer.

1708401123.0851572
Dropped 1 packet for 2 due to full buffer.

1708401123.0851882
Dropped 1 packet for 2 due to full buffer.

1708401123.0852194
Dropped 1 packet for 2 due to full buffer.

1708401123.08525
Dropped 1 packet for 2 due to full buffer.

1708401123.0852811
Dropped 1 packet for 2 due to full buffer.

1708401123.0853114
Dropped 1 packet for 2 due to full buffer.

1708401123.0853422
Dropped 1 packet for 2 due to full buffer.

1708401123.0853734
Dropped 1 packet for 2 due to full buffer.

1708401123.0854044
Dropped 1 packet for 2 due to full buffer.

1708401123.0854356
Dropped 1 packet for 2 due to full buffer.

1708401123.0854666
Dropped 1 packet for 2 due to full buffer.

1708401123.0854979
Dropped 1 packet for 2 due to full buffer.

1708401123.0855396
Dropped 1 packet for 2 due to full buffer.

1708401123.0855708
Dropped 1 packet for 2 due to full buffer.

1708401123.0856016
Dropped 1 packet for 2 due to full buffer.

1708401123.0856323
Dropped 1 packet for 2 due to full buffer.

1708401123.0856624
Dropped 1 packet for 2 due to full buffer.

1708401123.085693
Dropped 1 packet for 2 due to full buffer.

1708401123.0857239
Dropped 1 packet for 2 due to full buffer.

1708401123.0857549
Dropped 1 packet for 2 due to full buffer.

1708401123.0857859
Dropped 1 packet for 2 due to full buffer.

1708401123.0858176
Dropped 1 packet for 2 due to full buffer.

1708401123.085853
Dropped 1 packet for 2 due to full buffer.

1708401123.0858848
Dropped 1 packet for 2 due to full buffer.

1708401123.0859356
Dropped 1 packet for 2 due to full buffer.

1708401123.0859702
Dropped 1 packet for 2 due to full buffer.

1708401123.0860004
Dropped 1 packet for 2 due to full buffer.

1708401123.0860317
Dropped 1 packet for 2 due to full buffer.

1708401123.0860627
Dropped 1 packet for 2 due to full buffer.

1708401123.086094
Dropped 1 packet for 2 due to full buffer.

1708401123.086125
Dropped 1 packet for 2 due to full buffer.

1708401123.0861561
Dropped 1 packet for 2 due to full buffer.

1708401123.0861866
Dropped 1 packet for 2 due to full buffer.

1708401123.0862172
Dropped 1 packet for 2 due to full buffer.

1708401123.0862484
Dropped 1 packet for 2 due to full buffer.

1708401123.0862787
Dropped 1 packet for 2 due to full buffer.

1708401123.0863097
Dropped 1 packet for 2 due to full buffer.

1708401123.0863404
Dropped 1 packet for 2 due to full buffer.

1708401123.0863714
Dropped 1 packet for 2 due to full buffer.

1708401123.086402
Dropped 1 packet for 2 due to full buffer.

1708401123.086434
Dropped 1 packet for 2 due to full buffer.

1708401123.086465
Dropped 1 packet for 2 due to full buffer.

1708401123.0864954
Dropped 1 packet for 2 due to full buffer.

1708401123.0865264
Dropped 1 packet for 2 due to full buffer.

1708401123.0865574
Dropped 1 packet for 2 due to full buffer.

1708401123.0865886
Dropped 1 packet for 2 due to full buffer.

1708401123.086627
Dropped 1 packet for 2 due to full buffer.

1708401123.0866604
Dropped 1 packet for 2 due to full buffer.

1708401123.0866916
Dropped 1 packet for 2 due to full buffer.

1708401123.0867224
Dropped 1 packet for 2 due to full buffer.

1708401123.0867527
Dropped 1 packet for 2 due to full buffer.

1708401123.1001368
Dropped 1 packet for 2 due to full buffer.

1708401123.1002338
Dropped 1 packet for 2 due to full buffer.

1708401123.1008523
Dropped 1 packet for 2 due to full buffer.

1708401126.6255953
Current Average Incoming Traffic: 118270.67497834012 bytes/sec

1708401130.5096703
Test Complete. Terminating...

